----------------------------------------------------------------
2015-10-12 04:48:02.767 GMT:
 Booting Derby version The Apache Software Foundation - Apache Derby - 10.5.3.0 - (802917): instance a816c00e-0150-5a60-7671-00000590d090
on database directory D:\workspace\SapientNitroTraining\JackRabbit\repository\version\db  

Database Class Loader started - derby.database.classpath=''
----------------------------------------------------------------
2015-10-12 04:48:03.204 GMT:
 Booting Derby version The Apache Software Foundation - Apache Derby - 10.5.3.0 - (802917): instance 888c4022-0150-5a60-7671-00000590d090
on database directory D:\workspace\SapientNitroTraining\JackRabbit\repository\workspaces\default\db  

Database Class Loader started - derby.database.classpath=''
----------------------------------------------------------------
2015-10-12 04:48:03.661 GMT:
 Booting Derby version The Apache Software Foundation - Apache Derby - 10.5.3.0 - (802917): instance 6965c036-0150-5a60-7671-00000590d090
on database directory D:\workspace\SapientNitroTraining\JackRabbit\repository\workspaces\security\db  

Database Class Loader started - derby.database.classpath=''

2015-10-12 04:48:04.224 GMT:
Shutting down instance 888c4022-0150-5a60-7671-00000590d090
----------------------------------------------------------------

2015-10-12 04:48:04.255 GMT:
Shutting down instance 6965c036-0150-5a60-7671-00000590d090
----------------------------------------------------------------

2015-10-12 04:48:04.271 GMT:
Shutting down instance a816c00e-0150-5a60-7671-00000590d090
----------------------------------------------------------------
